<?xml version="1.0" encoding="UTF-8"?>
<!-- Generated by org.testng.reporters.JUnitXMLReporter -->
<testsuite ignored="1" hostname="DESKTOP-4KADTEQ" failures="0" tests="2" name="Default test" time="524.578" errors="0" timestamp="2023-11-10T16:52:08 IST">
  <testcase classname="testing.dev.BuyerPortalLogin" name="signUpPageTest1" time="382.346"/>
  <testcase classname="testing.dev.BuyerPortalLogin" name="signInPageTest5" time="136.945"/>
  <testcase classname="testing.dev.BuyerPortalLogin" name="signUpPageTes" time="0.0">
    <ignored/>
  </testcase> <!-- signUpPageTes -->
</testsuite> <!-- Default test -->
