<?xml version="1.0" encoding="UTF-8"?>
<!-- Generated by org.testng.reporters.JUnitXMLReporter -->
<testsuite ignored="0" hostname="DESKTOP-4KADTEQ" failures="0" tests="5" name="Test2" time="2240.35" errors="0" timestamp="2023-11-17T12:40:21 IST">
  <testcase classname="testing.dev.BuyerPortal_BusinessOnboardingPageTest" name="signUpPageTest1" time="52.94"/>
  <testcase classname="testing.dev.BuyerPortal_BusinessOnboardingPageTest" name="basicBusinessDetails" time="681.541"/>
  <testcase classname="testing.dev.BuyerPortal_BusinessOnboardingPageTest" name="basicBusinessDetails1" time="426.968"/>
  <testcase classname="testing.dev.BuyerPortal_BusinessOnboardingPageTest" name="contactDetails" time="322.773"/>
  <testcase classname="testing.dev.BuyerPortal_BusinessOnboardingPageTest" name="otherInformation" time="751.18"/>
</testsuite> <!-- Test2 -->
