<?xml version="1.0" encoding="UTF-8"?>
<!-- Generated by org.testng.reporters.JUnitXMLReporter -->
<testsuite ignored="0" hostname="DESKTOP-4KADTEQ" failures="0" tests="3" name="Test5" time="153.764" errors="0" timestamp="2023-10-25T15:21:45 IST">
  <testcase classname="testing.dev.BuyerPortal_FavouritePageTest" name="signUpPageTest1" time="51.378"/>
  <testcase classname="testing.dev.BuyerPortal_FavouritePageTest" name="loginsearchPageTest" time="9.896"/>
  <testcase classname="testing.dev.BuyerPortal_FavouritePageTest" name="favPage1" time="89.557"/>
</testsuite> <!-- Test5 -->
