<?xml version="1.0" encoding="UTF-8"?>
<!-- Generated by org.testng.reporters.JUnitXMLReporter -->
<testsuite ignored="0" hostname="DESKTOP-4KADTEQ" failures="0" tests="5" name="Test1" time="199.567" errors="0" timestamp="2023-10-25T15:00:45 IST">
  <testcase classname="testing.dev.BuyerPortal_LandingPagetest" name="search" time="8.663"/>
  <testcase classname="testing.dev.BuyerPortal_LandingPagetest" name="popularSearch" time="23.63"/>
  <testcase classname="testing.dev.BuyerPortal_LandingPagetest" name="categories" time="43.132"/>
  <testcase classname="testing.dev.BuyerPortal_LandingPagetest" name="testimonials" time="6.204"/>
  <testcase classname="testing.dev.BuyerPortal_LandingPagetest" name="footer1" time="111.479"/>
</testsuite> <!-- Test1 -->
