<?xml version="1.0" encoding="UTF-8"?>
<!-- Generated by org.testng.reporters.JUnitXMLReporter -->
<testsuite ignored="0" hostname="DESKTOP-4KADTEQ" failures="0" tests="2" name="Test6" time="0.308" errors="0" timestamp="2023-10-27T15:50:15 IST">
  <testcase classname="testing.dev.BaseTest" name="@BeforeTest setUp" time="0.301">
    <failure type="java.lang.NoClassDefFoundError" message="Could not initialize class org.openqa.selenium.remote.http.netty.NettyClient">
      <![CDATA[java.lang.NoClassDefFoundError: Could not initialize class org.openqa.selenium.remote.http.netty.NettyClient
at org.openqa.selenium.remote.http.netty.NettyClient$Factory.createClient(NettyClient.java:124)
at org.openqa.selenium.remote.HttpCommandExecutor.<init>(HttpCommandExecutor.java:115)
at org.openqa.selenium.remote.HttpCommandExecutor.<init>(HttpCommandExecutor.java:92)
at org.openqa.selenium.remote.service.DriverCommandExecutor.<init>(DriverCommandExecutor.java:89)
at org.openqa.selenium.chromium.ChromiumDriverCommandExecutor.<init>(ChromiumDriverCommandExecutor.java:43)
at org.openqa.selenium.chrome.ChromeDriver$ChromeDriverCommandExecutor.<init>(ChromeDriver.java:115)
at org.openqa.selenium.chrome.ChromeDriver.generateExecutor(ChromeDriver.java:105)
at org.openqa.selenium.chrome.ChromeDriver.<init>(ChromeDriver.java:88)
at org.openqa.selenium.chrome.ChromeDriver.<init>(ChromeDriver.java:83)
at org.openqa.selenium.chrome.ChromeDriver.<init>(ChromeDriver.java:72)
at buyerportal.dev.DriverFactory.int_Browser(DriverFactory.java:54)
at testing.dev.BaseTest.setUp(BaseTest.java:126)
Caused by: java.lang.ExceptionInInitializerError: Exception java.lang.NoClassDefFoundError: org/slf4j/LoggerFactory [in thread "main"]
at org.asynchttpclient.DefaultAsyncHttpClient.<clinit>(DefaultAsyncHttpClient.java:49)
at org.asynchttpclient.Dsl.asyncHttpClient(Dsl.java:32)
at org.openqa.selenium.remote.http.netty.NettyClient.createHttpClient(NettyClient.java:91)
at org.openqa.selenium.remote.http.netty.NettyClient.<clinit>(NettyClient.java:43)
... 34 more
... Removed 22 stack frames]]>
    </failure>
  </testcase> <!-- @BeforeTest setUp -->
  <testcase classname="testing.dev.BaseTest" name="@BeforeClass setReports" time="-1.69840201581E9">
    <skipped/>
  </testcase> <!-- @BeforeClass setReports -->
  <testcase classname="testing.dev.BaseTest" name="@BeforeMethod testName" time="-1.698402015811E9">
    <skipped/>
  </testcase> <!-- @BeforeMethod testName -->
  <testcase classname="testing.dev.BaseTest" name="@AfterMethod tearDown" time="-1.698402015812E9">
    <skipped/>
  </testcase> <!-- @AfterMethod tearDown -->
  <testcase classname="testing.dev.BaseTest" name="@BeforeMethod testName" time="-1.698402015813E9">
    <skipped/>
  </testcase> <!-- @BeforeMethod testName -->
  <testcase classname="testing.dev.BaseTest" name="@AfterMethod tearDown" time="-1.698402015814E9">
    <skipped/>
  </testcase> <!-- @AfterMethod tearDown -->
  <testcase classname="testing.dev.BaseTest" name="@AfterTest closeReport" time="-1.698402015815E9">
    <skipped/>
  </testcase> <!-- @AfterTest closeReport -->
  <testcase classname="testing.dev.BuyerPortal_EmcxPageTest" name="signUpPageTest1" time="0.0">
    <skipped/>
  </testcase> <!-- signUpPageTest1 -->
  <testcase classname="testing.dev.BuyerPortal_EmcxPageTest" name="emcxPage" time="0.0">
    <skipped/>
  </testcase> <!-- emcxPage -->
</testsuite> <!-- Test6 -->
