<?xml version="1.0" encoding="UTF-8"?>
<!-- Generated by org.testng.reporters.JUnitXMLReporter -->
<testsuite ignored="0" hostname="DESKTOP-4KADTEQ" failures="0" tests="3" name="Test7" time="1293.142" errors="0" timestamp="2023-11-16T17:00:55 IST">
  <testcase classname="testing.dev.BuyerPortal_FinancingPageTest" name="signUpPageTest1" time="53.875"/>
  <testcase classname="testing.dev.BuyerPortal_FinancingPageTest" name="financingpage_basicbusiness" time="745.053"/>
  <testcase classname="testing.dev.BuyerPortal_FinancingPageTest" name="financingpage_TradeDocuments" time="487.77"/>
</testsuite> <!-- Test7 -->
