<?xml version="1.0" encoding="UTF-8"?>
<!-- Generated by org.testng.reporters.JUnitXMLReporter -->
<testsuite ignored="0" hostname="DESKTOP-4KADTEQ" failures="1" tests="3" name="Test5" time="78.202" errors="0" timestamp="2023-11-15T14:34:43 IST">
  <testcase classname="testing.dev.BuyerPortal_FavouritePageTest" name="signUpPageTest1" time="55.928"/>
  <testcase classname="testing.dev.BuyerPortal_FavouritePageTest" name="loginsearchPageTest" time="10.142"/>
  <testcase classname="testing.dev.BuyerPortal_FavouritePageTest" name="favPage1" time="5.098">
    <failure type="org.openqa.selenium.ElementClickInterceptedException" message="element click intercepted: Element &amp;lt;div class=&amp;quot;fav-btn-holder&amp;quot;&amp;gt;...&amp;lt;/div&amp;gt; is not clickable at point (359, 583). Other element would receive the click: &amp;lt;button class=&amp;quot;MuiButtonBase-root MuiBottomNavigationAction-root MuiBottomNavigationAction-iconOnly css-1w9nqve-MuiButtonBase-root-MuiBottomNavigationAction-root&amp;quot; tabindex=&amp;quot;0&amp;quot; type=&amp;quot;button&amp;quot;&amp;gt;...&amp;lt;/button&amp;gt;
  (Session info: headless MicrosoftEdge=119.0.2151.58)
Build info: version: &amp;apos;4.11.0&amp;apos;, revision: &amp;apos;040bc5406b&amp;apos;
System info: os.name: &amp;apos;Windows 11&amp;apos;, os.arch: &amp;apos;amd64&amp;apos;, os.version: &amp;apos;10.0&amp;apos;, java.version: &amp;apos;18&amp;apos;
Driver info: org.openqa.selenium.edge.EdgeDriver
Command: [6974eda017fcfddef93e366ec1122b80, clickElement {id=6CA1E93B9F28AD3B2508971495CD83F4_element_89}]
Capabilities {acceptInsecureCerts: false, browserName: msedge, browserVersion: 119.0.2151.58, fedcm:accounts: true, ms:edgeOptions: {debuggerAddress: localhost:64346}, msedge: {msedgedriverVersion: 119.0.2151.58 (33e26e7eb4fb..., userDataDir: C:\Users\Dell\AppData\Local...}, networkConnectionEnabled: false, pageLoadStrategy: normal, platformName: windows, proxy: Proxy(), se:cdp: ws://localhost:64346/devtoo..., se:cdpVersion: 119.0.2151.58, setWindowRect: true, strictFileInteractability: false, timeouts: {implicit: 0, pageLoad: 300000, script: 30000}, unhandledPromptBehavior: dismiss and notify, webauthn:extension:credBlob: true, webauthn:extension:largeBlob: true, webauthn:extension:minPinLength: true, webauthn:extension:prf: true, webauthn:virtualAuthenticators: true}
Element: [[EdgeDriver: msedge on windows (6974eda017fcfddef93e366ec1122b80)] -&amp;gt; xpath: //div[@class=&amp;quot;fav-btn-holder&amp;quot;]]
Session ID: 6974eda017fcfddef93e366ec1122b80">
      <![CDATA[org.openqa.selenium.ElementClickInterceptedException: element click intercepted: Element <div class="fav-btn-holder">...</div> is not clickable at point (359, 583). Other element would receive the click: <button class="MuiButtonBase-root MuiBottomNavigationAction-root MuiBottomNavigationAction-iconOnly css-1w9nqve-MuiButtonBase-root-MuiBottomNavigationAction-root" tabindex="0" type="button">...</button>
  (Session info: headless MicrosoftEdge=119.0.2151.58)
Build info: version: '4.11.0', revision: '040bc5406b'
System info: os.name: 'Windows 11', os.arch: 'amd64', os.version: '10.0', java.version: '18'
Driver info: org.openqa.selenium.edge.EdgeDriver
Command: [6974eda017fcfddef93e366ec1122b80, clickElement {id=6CA1E93B9F28AD3B2508971495CD83F4_element_89}]
Capabilities {acceptInsecureCerts: false, browserName: msedge, browserVersion: 119.0.2151.58, fedcm:accounts: true, ms:edgeOptions: {debuggerAddress: localhost:64346}, msedge: {msedgedriverVersion: 119.0.2151.58 (33e26e7eb4fb..., userDataDir: C:\Users\Dell\AppData\Local...}, networkConnectionEnabled: false, pageLoadStrategy: normal, platformName: windows, proxy: Proxy(), se:cdp: ws://localhost:64346/devtoo..., se:cdpVersion: 119.0.2151.58, setWindowRect: true, strictFileInteractability: false, timeouts: {implicit: 0, pageLoad: 300000, script: 30000}, unhandledPromptBehavior: dismiss and notify, webauthn:extension:credBlob: true, webauthn:extension:largeBlob: true, webauthn:extension:minPinLength: true, webauthn:extension:prf: true, webauthn:virtualAuthenticators: true}
Element: [[EdgeDriver: msedge on windows (6974eda017fcfddef93e366ec1122b80)] -> xpath: //div[@class="fav-btn-holder"]]
Session ID: 6974eda017fcfddef93e366ec1122b80
at org.openqa.selenium.remote.codec.w3c.W3CHttpResponseCodec.createException(W3CHttpResponseCodec.java:200)
at org.openqa.selenium.remote.codec.w3c.W3CHttpResponseCodec.decode(W3CHttpResponseCodec.java:133)
at org.openqa.selenium.remote.codec.w3c.W3CHttpResponseCodec.decode(W3CHttpResponseCodec.java:52)
at org.openqa.selenium.remote.HttpCommandExecutor.execute(HttpCommandExecutor.java:191)
at org.openqa.selenium.remote.service.DriverCommandExecutor.invokeExecute(DriverCommandExecutor.java:196)
at org.openqa.selenium.remote.service.DriverCommandExecutor.execute(DriverCommandExecutor.java:171)
at org.openqa.selenium.remote.RemoteWebDriver.execute(RemoteWebDriver.java:518)
at org.openqa.selenium.remote.RemoteWebElement.execute(RemoteWebElement.java:224)
at org.openqa.selenium.remote.RemoteWebElement.click(RemoteWebElement.java:77)
at buyerportal.dev.ReusableFunction.selectCheckboxes(ReusableFunction.java:652)
at buyerportal.dev.BuyerPortal_FavouritePage.favPage(BuyerPortal_FavouritePage.java:27)
at testing.dev.BuyerPortal_FavouritePageTest.favPage1(BuyerPortal_FavouritePageTest.java:41)
at java.base/java.util.ArrayList.forEach(ArrayList.java:1511)
... Removed 28 stack frames]]>
    </failure>
  </testcase> <!-- favPage1 -->
</testsuite> <!-- Test5 -->
