<?xml version="1.0" encoding="UTF-8"?>
<!-- Generated by org.testng.reporters.JUnitXMLReporter -->
<testsuite ignored="0" hostname="DESKTOP-4KADTEQ" failures="0" tests="3" name="Test9" time="69.736" errors="0" timestamp="2023-10-25T15:37:36 IST">
  <testcase classname="testing.dev.BuyerPortal_Trusted_EducationPageTest" name="signUpPageTest1" time="51.75"/>
  <testcase classname="testing.dev.BuyerPortal_Trusted_EducationPageTest" name="TrustedPage" time="9.235"/>
  <testcase classname="testing.dev.BuyerPortal_Trusted_EducationPageTest" name="EucationPage" time="6.192"/>
</testsuite> <!-- Test9 -->
