<?xml version="1.0" encoding="UTF-8"?>
<!-- Generated by org.testng.reporters.JUnitXMLReporter -->
<testsuite ignored="0" hostname="DESKTOP-4KADTEQ" failures="1" tests="2" name="Test3" time="102.999" errors="0" timestamp="2023-10-26T11:20:00 IST">
  <testcase classname="testing.dev.BuyerPortal_DashboardPageTest" name="signUpPageTest1" time="53.298"/>
  <testcase classname="testing.dev.BuyerPortal_DashboardPageTest" name="dashboardPageTest1" time="41.362">
    <failure type="java.lang.AssertionError" message="expected [null] but found [You dont have any data on your table]">
      <![CDATA[java.lang.AssertionError: expected [null] but found [You dont have any data on your table]
at buyerportal.dev.ReusableFunction.assertion(ReusableFunction.java:248)
at buyerportal.dev.BuyerPortal_DashboardPage.DashboardPage(BuyerPortal_DashboardPage.java:86)
at testing.dev.BuyerPortal_DashboardPageTest.dashboardPageTest1(BuyerPortal_DashboardPageTest.java:19)
at java.base/java.util.ArrayList.forEach(ArrayList.java:1511)
... Removed 31 stack frames]]>
    </failure>
  </testcase> <!-- dashboardPageTest1 -->
</testsuite> <!-- Test3 -->
