<?xml version="1.0" encoding="UTF-8"?>
<!-- Generated by org.testng.reporters.JUnitXMLReporter -->
<testsuite ignored="0" hostname="DESKTOP-4KADTEQ" failures="0" tests="5" name="Test1" time="227.98" errors="0" timestamp="2023-11-17T12:03:01 IST">
  <testcase classname="testing.dev.BuyerPortal_LandingPagetest" name="search" time="9.134"/>
  <testcase classname="testing.dev.BuyerPortal_LandingPagetest" name="popularSearch" time="25.145"/>
  <testcase classname="testing.dev.BuyerPortal_LandingPagetest" name="categories" time="45.41"/>
  <testcase classname="testing.dev.BuyerPortal_LandingPagetest" name="testimonials" time="6.199"/>
  <testcase classname="testing.dev.BuyerPortal_LandingPagetest" name="footer1" time="121.037"/>
</testsuite> <!-- Test1 -->
