<?xml version="1.0" encoding="UTF-8"?>
<!-- Generated by org.testng.reporters.JUnitXMLReporter -->
<testsuite ignored="0" hostname="DESKTOP-4KADTEQ" failures="0" tests="4" name="Test4" time="153.669" errors="0" timestamp="2023-10-26T11:22:33 IST">
  <testcase classname="testing.dev.BuyerPortal_ComparePageTest" name="signUpPageTest1" time="53.24"/>
  <testcase classname="testing.dev.BuyerPortal_ComparePageTest" name="comparePage01" time="44.873"/>
  <testcase classname="testing.dev.BuyerPortal_ComparePageTest" name="contactSupplier1" time="22.938"/>
  <testcase classname="testing.dev.BuyerPortal_ComparePageTest" name="requestQuote" time="29.533"/>
</testsuite> <!-- Test4 -->
