<?xml version="1.0" encoding="UTF-8"?>
<!-- Generated by org.testng.reporters.JUnitXMLReporter -->
<testsuite ignored="0" hostname="DESKTOP-4KADTEQ" failures="0" tests="4" name="Test4" time="150.841" errors="0" timestamp="2023-10-25T15:19:11 IST">
  <testcase classname="testing.dev.BuyerPortal_ComparePageTest" name="signUpPageTest1" time="51.572"/>
  <testcase classname="testing.dev.BuyerPortal_ComparePageTest" name="comparePage01" time="44.485"/>
  <testcase classname="testing.dev.BuyerPortal_ComparePageTest" name="contactSupplier1" time="22.954"/>
  <testcase classname="testing.dev.BuyerPortal_ComparePageTest" name="requestQuote" time="29.048"/>
</testsuite> <!-- Test4 -->
