<?xml version="1.0" encoding="UTF-8"?>
<testng-results ignored="0" total="31" passed="30" failed="1" skipped="0">
  <reporter-output>
  </reporter-output>
  <suite started-at="2023-10-25T14:57:25 IST" name="Suite" finished-at="2023-10-25T15:39:14 IST" duration-ms="2508531">
    <groups>
    </groups>
    <test started-at="2023-10-25T14:57:25 IST" name="Test1" finished-at="2023-10-25T15:00:45 IST" duration-ms="199567">
      <class name="testing.dev.BuyerPortal_LandingPagetest">
        <test-method is-config="true" signature="setUp()[pri:0, instance:testing.dev.BuyerPortal_LandingPagetest@5c5eefef]" started-at="2023-10-25T14:57:25 IST" name="setUp" finished-at="2023-10-25T14:57:31 IST" duration-ms="5485" status="PASS">
          <reporter-output>
          </reporter-output>
        </test-method> <!-- setUp -->
        <test-method is-config="true" signature="setReports()[pri:0, instance:testing.dev.BuyerPortal_LandingPagetest@5c5eefef]" started-at="2023-10-25T14:57:31 IST" name="setReports" finished-at="2023-10-25T14:57:31 IST" duration-ms="108" status="PASS">
          <reporter-output>
          </reporter-output>
        </test-method> <!-- setReports -->
        <test-method is-config="true" signature="testName(java.lang.reflect.Method)[pri:0, instance:testing.dev.BuyerPortal_LandingPagetest@5c5eefef]" started-at="2023-10-25T14:57:31 IST" name="testName" finished-at="2023-10-25T14:57:31 IST" duration-ms="2" status="PASS">
          <params>
            <param index="0">
              <value>
                <![CDATA[public void testing.dev.BuyerPortal_LandingPagetest.search() throws java.lang.InterruptedException]]>
              </value>
            </param>
          </params>
          <reporter-output>
          </reporter-output>
        </test-method> <!-- testName -->
        <test-method signature="search()[pri:1, instance:testing.dev.BuyerPortal_LandingPagetest@5c5eefef]" started-at="2023-10-25T14:57:31 IST" name="search" finished-at="2023-10-25T14:57:39 IST" duration-ms="8663" status="PASS">
          <reporter-output>
          </reporter-output>
        </test-method> <!-- search -->
        <test-method is-config="true" signature="tearDown(org.testng.ITestResult)[pri:0, instance:testing.dev.BuyerPortal_LandingPagetest@5c5eefef]" started-at="2023-10-25T14:57:39 IST" name="tearDown" finished-at="2023-10-25T14:57:39 IST" duration-ms="1" status="PASS">
          <params>
            <param index="0">
              <value>
                <![CDATA[[TestResult name=search status=SUCCESS method=BuyerPortal_LandingPagetest.search()[pri:1, instance:testing.dev.BuyerPortal_LandingPagetest@5c5eefef] output={null}]]]>
              </value>
            </param>
          </params>
          <reporter-output>
          </reporter-output>
        </test-method> <!-- tearDown -->
        <test-method signature="popularSearch()[pri:2, instance:testing.dev.BuyerPortal_LandingPagetest@5c5eefef]" started-at="2023-10-25T14:57:39 IST" name="popularSearch" finished-at="2023-10-25T14:58:03 IST" duration-ms="23630" status="PASS">
          <reporter-output>
          </reporter-output>
        </test-method> <!-- popularSearch -->
        <test-method is-config="true" signature="testName(java.lang.reflect.Method)[pri:0, instance:testing.dev.BuyerPortal_LandingPagetest@5c5eefef]" started-at="2023-10-25T14:57:39 IST" name="testName" finished-at="2023-10-25T14:57:39 IST" duration-ms="0" status="PASS">
          <params>
            <param index="0">
              <value>
                <![CDATA[public void testing.dev.BuyerPortal_LandingPagetest.popularSearch() throws java.lang.InterruptedException]]>
              </value>
            </param>
          </params>
          <reporter-output>
          </reporter-output>
        </test-method> <!-- testName -->
        <test-method is-config="true" signature="tearDown(org.testng.ITestResult)[pri:0, instance:testing.dev.BuyerPortal_LandingPagetest@5c5eefef]" started-at="2023-10-25T14:58:03 IST" name="tearDown" finished-at="2023-10-25T14:58:03 IST" duration-ms="1" status="PASS">
          <params>
            <param index="0">
              <value>
                <![CDATA[[TestResult name=popularSearch status=SUCCESS method=BuyerPortal_LandingPagetest.popularSearch()[pri:2, instance:testing.dev.BuyerPortal_LandingPagetest@5c5eefef] output={null}]]]>
              </value>
            </param>
          </params>
          <reporter-output>
          </reporter-output>
        </test-method> <!-- tearDown -->
        <test-method is-config="true" signature="testName(java.lang.reflect.Method)[pri:0, instance:testing.dev.BuyerPortal_LandingPagetest@5c5eefef]" started-at="2023-10-25T14:58:03 IST" name="testName" finished-at="2023-10-25T14:58:03 IST" duration-ms="0" status="PASS">
          <params>
            <param index="0">
              <value>
                <![CDATA[public void testing.dev.BuyerPortal_LandingPagetest.categories() throws java.lang.InterruptedException]]>
              </value>
            </param>
          </params>
          <reporter-output>
          </reporter-output>
        </test-method> <!-- testName -->
        <test-method signature="categories()[pri:3, instance:testing.dev.BuyerPortal_LandingPagetest@5c5eefef]" started-at="2023-10-25T14:58:03 IST" name="categories" finished-at="2023-10-25T14:58:46 IST" duration-ms="43132" status="PASS">
          <reporter-output>
          </reporter-output>
        </test-method> <!-- categories -->
        <test-method is-config="true" signature="tearDown(org.testng.ITestResult)[pri:0, instance:testing.dev.BuyerPortal_LandingPagetest@5c5eefef]" started-at="2023-10-25T14:58:46 IST" name="tearDown" finished-at="2023-10-25T14:58:46 IST" duration-ms="1" status="PASS">
          <params>
            <param index="0">
              <value>
                <![CDATA[[TestResult name=categories status=SUCCESS method=BuyerPortal_LandingPagetest.categories()[pri:3, instance:testing.dev.BuyerPortal_LandingPagetest@5c5eefef] output={null}]]]>
              </value>
            </param>
          </params>
          <reporter-output>
          </reporter-output>
        </test-method> <!-- tearDown -->
        <test-method is-config="true" signature="testName(java.lang.reflect.Method)[pri:0, instance:testing.dev.BuyerPortal_LandingPagetest@5c5eefef]" started-at="2023-10-25T14:58:46 IST" name="testName" finished-at="2023-10-25T14:58:46 IST" duration-ms="1" status="PASS">
          <params>
            <param index="0">
              <value>
                <![CDATA[public void testing.dev.BuyerPortal_LandingPagetest.testimonials() throws java.lang.InterruptedException]]>
              </value>
            </param>
          </params>
          <reporter-output>
          </reporter-output>
        </test-method> <!-- testName -->
        <test-method signature="testimonials()[pri:4, instance:testing.dev.BuyerPortal_LandingPagetest@5c5eefef]" started-at="2023-10-25T14:58:46 IST" name="testimonials" finished-at="2023-10-25T14:58:52 IST" duration-ms="6204" status="PASS">
          <reporter-output>
          </reporter-output>
        </test-method> <!-- testimonials -->
        <test-method is-config="true" signature="tearDown(org.testng.ITestResult)[pri:0, instance:testing.dev.BuyerPortal_LandingPagetest@5c5eefef]" started-at="2023-10-25T14:58:52 IST" name="tearDown" finished-at="2023-10-25T14:58:52 IST" duration-ms="1" status="PASS">
          <params>
            <param index="0">
              <value>
                <![CDATA[[TestResult name=testimonials status=SUCCESS method=BuyerPortal_LandingPagetest.testimonials()[pri:4, instance:testing.dev.BuyerPortal_LandingPagetest@5c5eefef] output={null}]]]>
              </value>
            </param>
          </params>
          <reporter-output>
          </reporter-output>
        </test-method> <!-- tearDown -->
        <test-method is-config="true" signature="testName(java.lang.reflect.Method)[pri:0, instance:testing.dev.BuyerPortal_LandingPagetest@5c5eefef]" started-at="2023-10-25T14:58:52 IST" name="testName" finished-at="2023-10-25T14:58:52 IST" duration-ms="1" status="PASS">
          <params>
            <param index="0">
              <value>
                <![CDATA[public void testing.dev.BuyerPortal_LandingPagetest.footer1() throws java.lang.InterruptedException,java.io.IOException]]>
              </value>
            </param>
          </params>
          <reporter-output>
          </reporter-output>
        </test-method> <!-- testName -->
        <test-method signature="footer1()[pri:5, instance:testing.dev.BuyerPortal_LandingPagetest@5c5eefef]" started-at="2023-10-25T14:58:52 IST" name="footer1" finished-at="2023-10-25T15:00:44 IST" duration-ms="111479" status="PASS">
          <reporter-output>
          </reporter-output>
        </test-method> <!-- footer1 -->
        <test-method is-config="true" signature="tearDown(org.testng.ITestResult)[pri:0, instance:testing.dev.BuyerPortal_LandingPagetest@5c5eefef]" started-at="2023-10-25T15:00:44 IST" name="tearDown" finished-at="2023-10-25T15:00:44 IST" duration-ms="1" status="PASS">
          <params>
            <param index="0">
              <value>
                <![CDATA[[TestResult name=footer1 status=SUCCESS method=BuyerPortal_LandingPagetest.footer1()[pri:5, instance:testing.dev.BuyerPortal_LandingPagetest@5c5eefef] output={null}]]]>
              </value>
            </param>
          </params>
          <reporter-output>
          </reporter-output>
        </test-method> <!-- tearDown -->
        <test-method is-config="true" signature="closeReport()[pri:0, instance:testing.dev.BuyerPortal_LandingPagetest@5c5eefef]" started-at="2023-10-25T15:00:44 IST" name="closeReport" finished-at="2023-10-25T15:00:45 IST" duration-ms="821" status="PASS">
          <reporter-output>
          </reporter-output>
        </test-method> <!-- closeReport -->
      </class> <!-- testing.dev.BuyerPortal_LandingPagetest -->
    </test> <!-- Test1 -->
    <test started-at="2023-10-25T15:00:45 IST" name="Test2" finished-at="2023-10-25T15:15:00 IST" duration-ms="855070">
      <class name="testing.dev.BuyerPortal_BusinessOnboardingPageTest">
        <test-method is-config="true" signature="setUp()[pri:0, instance:testing.dev.BuyerPortal_BusinessOnboardingPageTest@7cc0cdad]" started-at="2023-10-25T15:00:45 IST" name="setUp" finished-at="2023-10-25T15:00:47 IST" duration-ms="2617" status="PASS">
          <reporter-output>
          </reporter-output>
        </test-method> <!-- setUp -->
        <test-method is-config="true" signature="setReports()[pri:0, instance:testing.dev.BuyerPortal_BusinessOnboardingPageTest@7cc0cdad]" started-at="2023-10-25T15:00:47 IST" name="setReports" finished-at="2023-10-25T15:00:47 IST" duration-ms="2" status="PASS">
          <reporter-output>
          </reporter-output>
        </test-method> <!-- setReports -->
        <test-method signature="signUpPageTest1()[pri:1, instance:testing.dev.BuyerPortal_BusinessOnboardingPageTest@7cc0cdad]" started-at="2023-10-25T15:00:47 IST" name="signUpPageTest1" finished-at="2023-10-25T15:01:40 IST" duration-ms="52387" status="PASS">
          <reporter-output>
          </reporter-output>
        </test-method> <!-- signUpPageTest1 -->
        <test-method is-config="true" signature="testName(java.lang.reflect.Method)[pri:0, instance:testing.dev.BuyerPortal_BusinessOnboardingPageTest@7cc0cdad]" started-at="2023-10-25T15:00:47 IST" name="testName" finished-at="2023-10-25T15:00:47 IST" duration-ms="0" status="PASS">
          <params>
            <param index="0">
              <value>
                <![CDATA[public void testing.dev.BuyerPortal_BusinessOnboardingPageTest.signUpPageTest1() throws java.io.IOException,java.lang.InterruptedException]]>
              </value>
            </param>
          </params>
          <reporter-output>
          </reporter-output>
        </test-method> <!-- testName -->
        <test-method is-config="true" signature="tearDown(org.testng.ITestResult)[pri:0, instance:testing.dev.BuyerPortal_BusinessOnboardingPageTest@7cc0cdad]" started-at="2023-10-25T15:01:40 IST" name="tearDown" finished-at="2023-10-25T15:01:40 IST" duration-ms="0" status="PASS">
          <params>
            <param index="0">
              <value>
                <![CDATA[[TestResult name=signUpPageTest1 status=SUCCESS method=BuyerPortal_BusinessOnboardingPageTest.signUpPageTest1()[pri:1, instance:testing.dev.BuyerPortal_BusinessOnboardingPageTest@7cc0cdad] output={null}]]]>
              </value>
            </param>
          </params>
          <reporter-output>
          </reporter-output>
        </test-method> <!-- tearDown -->
        <test-method signature="basicBusinessDetails()[pri:2, instance:testing.dev.BuyerPortal_BusinessOnboardingPageTest@7cc0cdad]" started-at="2023-10-25T15:01:40 IST" name="basicBusinessDetails" finished-at="2023-10-25T15:03:02 IST" duration-ms="81760" status="PASS">
          <reporter-output>
          </reporter-output>
        </test-method> <!-- basicBusinessDetails -->
        <test-method is-config="true" signature="testName(java.lang.reflect.Method)[pri:0, instance:testing.dev.BuyerPortal_BusinessOnboardingPageTest@7cc0cdad]" started-at="2023-10-25T15:01:40 IST" name="testName" finished-at="2023-10-25T15:01:40 IST" duration-ms="0" status="PASS">
          <params>
            <param index="0">
              <value>
                <![CDATA[public void testing.dev.BuyerPortal_BusinessOnboardingPageTest.basicBusinessDetails() throws java.lang.InterruptedException,java.awt.AWTException,java.io.IOException]]>
              </value>
            </param>
          </params>
          <reporter-output>
          </reporter-output>
        </test-method> <!-- testName -->
        <test-method is-config="true" signature="tearDown(org.testng.ITestResult)[pri:0, instance:testing.dev.BuyerPortal_BusinessOnboardingPageTest@7cc0cdad]" started-at="2023-10-25T15:03:02 IST" name="tearDown" finished-at="2023-10-25T15:03:02 IST" duration-ms="1" status="PASS">
          <params>
            <param index="0">
              <value>
                <![CDATA[[TestResult name=basicBusinessDetails status=SUCCESS method=BuyerPortal_BusinessOnboardingPageTest.basicBusinessDetails()[pri:2, instance:testing.dev.BuyerPortal_BusinessOnboardingPageTest@7cc0cdad] output={null}]]]>
              </value>
            </param>
          </params>
          <reporter-output>
          </reporter-output>
        </test-method> <!-- tearDown -->
        <test-method is-config="true" signature="testName(java.lang.reflect.Method)[pri:0, instance:testing.dev.BuyerPortal_BusinessOnboardingPageTest@7cc0cdad]" started-at="2023-10-25T15:03:02 IST" name="testName" finished-at="2023-10-25T15:03:02 IST" duration-ms="1" status="PASS">
          <params>
            <param index="0">
              <value>
                <![CDATA[public void testing.dev.BuyerPortal_BusinessOnboardingPageTest.basicBusinessDetails1() throws java.lang.InterruptedException,java.awt.AWTException,java.io.IOException]]>
              </value>
            </param>
          </params>
          <reporter-output>
          </reporter-output>
        </test-method> <!-- testName -->
        <test-method signature="basicBusinessDetails1()[pri:3, instance:testing.dev.BuyerPortal_BusinessOnboardingPageTest@7cc0cdad]" started-at="2023-10-25T15:03:02 IST" name="basicBusinessDetails1" finished-at="2023-10-25T15:03:42 IST" duration-ms="40111" status="PASS">
          <reporter-output>
          </reporter-output>
        </test-method> <!-- basicBusinessDetails1 -->
        <test-method is-config="true" signature="tearDown(org.testng.ITestResult)[pri:0, instance:testing.dev.BuyerPortal_BusinessOnboardingPageTest@7cc0cdad]" started-at="2023-10-25T15:03:42 IST" name="tearDown" finished-at="2023-10-25T15:03:42 IST" duration-ms="0" status="PASS">
          <params>
            <param index="0">
              <value>
                <![CDATA[[TestResult name=basicBusinessDetails1 status=SUCCESS method=BuyerPortal_BusinessOnboardingPageTest.basicBusinessDetails1()[pri:3, instance:testing.dev.BuyerPortal_BusinessOnboardingPageTest@7cc0cdad] output={null}]]]>
              </value>
            </param>
          </params>
          <reporter-output>
          </reporter-output>
        </test-method> <!-- tearDown -->
        <test-method is-config="true" signature="testName(java.lang.reflect.Method)[pri:0, instance:testing.dev.BuyerPortal_BusinessOnboardingPageTest@7cc0cdad]" started-at="2023-10-25T15:03:42 IST" name="testName" finished-at="2023-10-25T15:03:42 IST" duration-ms="1" status="PASS">
          <params>
            <param index="0">
              <value>
                <![CDATA[public void testing.dev.BuyerPortal_BusinessOnboardingPageTest.contactDetails() throws java.lang.InterruptedException,java.awt.AWTException,java.io.IOException]]>
              </value>
            </param>
          </params>
          <reporter-output>
          </reporter-output>
        </test-method> <!-- testName -->
        <test-method signature="contactDetails()[pri:4, instance:testing.dev.BuyerPortal_BusinessOnboardingPageTest@7cc0cdad]" started-at="2023-10-25T15:03:42 IST" name="contactDetails" finished-at="2023-10-25T15:04:34 IST" duration-ms="52630" status="PASS">
          <reporter-output>
          </reporter-output>
        </test-method> <!-- contactDetails -->
        <test-method is-config="true" signature="tearDown(org.testng.ITestResult)[pri:0, instance:testing.dev.BuyerPortal_BusinessOnboardingPageTest@7cc0cdad]" started-at="2023-10-25T15:04:34 IST" name="tearDown" finished-at="2023-10-25T15:04:34 IST" duration-ms="0" status="PASS">
          <params>
            <param index="0">
              <value>
                <![CDATA[[TestResult name=contactDetails status=SUCCESS method=BuyerPortal_BusinessOnboardingPageTest.contactDetails()[pri:4, instance:testing.dev.BuyerPortal_BusinessOnboardingPageTest@7cc0cdad] output={null}]]]>
              </value>
            </param>
          </params>
          <reporter-output>
          </reporter-output>
        </test-method> <!-- tearDown -->
        <test-method signature="otherInformation()[pri:5, instance:testing.dev.BuyerPortal_BusinessOnboardingPageTest@7cc0cdad]" started-at="2023-10-25T15:04:34 IST" name="otherInformation" finished-at="2023-10-25T15:14:59 IST" duration-ms="625155" status="PASS">
          <reporter-output>
          </reporter-output>
        </test-method> <!-- otherInformation -->
        <test-method is-config="true" signature="testName(java.lang.reflect.Method)[pri:0, instance:testing.dev.BuyerPortal_BusinessOnboardingPageTest@7cc0cdad]" started-at="2023-10-25T15:04:34 IST" name="testName" finished-at="2023-10-25T15:04:34 IST" duration-ms="0" status="PASS">
          <params>
            <param index="0">
              <value>
                <![CDATA[public void testing.dev.BuyerPortal_BusinessOnboardingPageTest.otherInformation() throws java.lang.InterruptedException,java.awt.AWTException]]>
              </value>
            </param>
          </params>
          <reporter-output>
          </reporter-output>
        </test-method> <!-- testName -->
        <test-method is-config="true" signature="tearDown(org.testng.ITestResult)[pri:0, instance:testing.dev.BuyerPortal_BusinessOnboardingPageTest@7cc0cdad]" started-at="2023-10-25T15:14:59 IST" name="tearDown" finished-at="2023-10-25T15:14:59 IST" duration-ms="1" status="PASS">
          <params>
            <param index="0">
              <value>
                <![CDATA[[TestResult name=otherInformation status=SUCCESS method=BuyerPortal_BusinessOnboardingPageTest.otherInformation()[pri:5, instance:testing.dev.BuyerPortal_BusinessOnboardingPageTest@7cc0cdad] output={null}]]]>
              </value>
            </param>
          </params>
          <reporter-output>
          </reporter-output>
        </test-method> <!-- tearDown -->
        <test-method is-config="true" signature="closeReport()[pri:0, instance:testing.dev.BuyerPortal_BusinessOnboardingPageTest@7cc0cdad]" started-at="2023-10-25T15:14:59 IST" name="closeReport" finished-at="2023-10-25T15:15:00 IST" duration-ms="391" status="PASS">
          <reporter-output>
          </reporter-output>
        </test-method> <!-- closeReport -->
      </class> <!-- testing.dev.BuyerPortal_BusinessOnboardingPageTest -->
    </test> <!-- Test2 -->
    <test started-at="2023-10-25T15:15:00 IST" name="Test3" finished-at="2023-10-25T15:16:40 IST" duration-ms="100515">
      <class name="testing.dev.BuyerPortal_DashboardPageTest">
        <test-method is-config="true" signature="setUp()[pri:0, instance:testing.dev.BuyerPortal_DashboardPageTest@7b2bbc3]" started-at="2023-10-25T15:15:00 IST" name="setUp" finished-at="2023-10-25T15:15:04 IST" duration-ms="4044" status="PASS">
          <reporter-output>
          </reporter-output>
        </test-method> <!-- setUp -->
        <test-method is-config="true" signature="setReports()[pri:0, instance:testing.dev.BuyerPortal_DashboardPageTest@7b2bbc3]" started-at="2023-10-25T15:15:04 IST" name="setReports" finished-at="2023-10-25T15:15:04 IST" duration-ms="1" status="PASS">
          <reporter-output>
          </reporter-output>
        </test-method> <!-- setReports -->
        <test-method signature="signUpPageTest1()[pri:1, instance:testing.dev.BuyerPortal_DashboardPageTest@7b2bbc3]" started-at="2023-10-25T15:15:04 IST" name="signUpPageTest1" finished-at="2023-10-25T15:15:59 IST" duration-ms="55291" status="PASS">
          <reporter-output>
          </reporter-output>
        </test-method> <!-- signUpPageTest1 -->
        <test-method is-config="true" signature="testName(java.lang.reflect.Method)[pri:0, instance:testing.dev.BuyerPortal_DashboardPageTest@7b2bbc3]" started-at="2023-10-25T15:15:04 IST" name="testName" finished-at="2023-10-25T15:15:04 IST" duration-ms="0" status="PASS">
          <params>
            <param index="0">
              <value>
                <![CDATA[public void testing.dev.BuyerPortal_DashboardPageTest.signUpPageTest1() throws java.io.IOException,java.lang.InterruptedException]]>
              </value>
            </param>
          </params>
          <reporter-output>
          </reporter-output>
        </test-method> <!-- testName -->
        <test-method is-config="true" signature="tearDown(org.testng.ITestResult)[pri:0, instance:testing.dev.BuyerPortal_DashboardPageTest@7b2bbc3]" started-at="2023-10-25T15:15:59 IST" name="tearDown" finished-at="2023-10-25T15:15:59 IST" duration-ms="0" status="PASS">
          <params>
            <param index="0">
              <value>
                <![CDATA[[TestResult name=signUpPageTest1 status=SUCCESS method=BuyerPortal_DashboardPageTest.signUpPageTest1()[pri:1, instance:testing.dev.BuyerPortal_DashboardPageTest@7b2bbc3] output={null}]]]>
              </value>
            </param>
          </params>
          <reporter-output>
          </reporter-output>
        </test-method> <!-- tearDown -->
        <test-method is-config="true" signature="testName(java.lang.reflect.Method)[pri:0, instance:testing.dev.BuyerPortal_DashboardPageTest@7b2bbc3]" started-at="2023-10-25T15:15:59 IST" name="testName" finished-at="2023-10-25T15:15:59 IST" duration-ms="0" status="PASS">
          <params>
            <param index="0">
              <value>
                <![CDATA[public void testing.dev.BuyerPortal_DashboardPageTest.dashboardPageTest1() throws java.io.IOException,java.lang.InterruptedException,java.awt.AWTException]]>
              </value>
            </param>
          </params>
          <reporter-output>
          </reporter-output>
        </test-method> <!-- testName -->
        <test-method signature="dashboardPageTest1()[pri:2, instance:testing.dev.BuyerPortal_DashboardPageTest@7b2bbc3]" started-at="2023-10-25T15:15:59 IST" name="dashboardPageTest1" finished-at="2023-10-25T15:16:40 IST" duration-ms="40651" status="FAIL">
          <exception class="java.lang.AssertionError">
            <message>
              <![CDATA[expected [null] but found [You dont have any data on your table]]]>
            </message>
            <full-stacktrace>
              <![CDATA[java.lang.AssertionError: expected [null] but found [You dont have any data on your table]
at org.testng.Assert.fail(Assert.java:99)
at org.testng.Assert.failNotEquals(Assert.java:1037)
at org.testng.Assert.assertEqualsImpl(Assert.java:140)
at org.testng.Assert.assertEquals(Assert.java:122)
at org.testng.Assert.assertEquals(Assert.java:629)
at org.testng.Assert.assertEquals(Assert.java:639)
at buyerportal.dev.ReusableFunction.assertion(ReusableFunction.java:248)
at buyerportal.dev.BuyerPortal_DashboardPage.DashboardPage(BuyerPortal_DashboardPage.java:86)
at testing.dev.BuyerPortal_DashboardPageTest.dashboardPageTest1(BuyerPortal_DashboardPageTest.java:19)
at java.base/jdk.internal.reflect.DirectMethodHandleAccessor.invoke(DirectMethodHandleAccessor.java:104)
at java.base/java.lang.reflect.Method.invoke(Method.java:577)
at org.testng.internal.MethodInvocationHelper.invokeMethod(MethodInvocationHelper.java:133)
at org.testng.internal.TestInvoker.invokeMethod(TestInvoker.java:598)
at org.testng.internal.TestInvoker.invokeTestMethod(TestInvoker.java:173)
at org.testng.internal.MethodRunner.runInSequence(MethodRunner.java:46)
at org.testng.internal.TestInvoker$MethodInvocationAgent.invoke(TestInvoker.java:824)
at org.testng.internal.TestInvoker.invokeTestMethods(TestInvoker.java:146)
at org.testng.internal.TestMethodWorker.invokeTestMethods(TestMethodWorker.java:146)
at org.testng.internal.TestMethodWorker.run(TestMethodWorker.java:128)
at java.base/java.util.ArrayList.forEach(ArrayList.java:1511)
at org.testng.TestRunner.privateRun(TestRunner.java:794)
at org.testng.TestRunner.run(TestRunner.java:596)
at org.testng.SuiteRunner.runTest(SuiteRunner.java:377)
at org.testng.SuiteRunner.runSequentially(SuiteRunner.java:371)
at org.testng.SuiteRunner.privateRun(SuiteRunner.java:332)
at org.testng.SuiteRunner.run(SuiteRunner.java:276)
at org.testng.SuiteRunnerWorker.runSuite(SuiteRunnerWorker.java:53)
at org.testng.SuiteRunnerWorker.run(SuiteRunnerWorker.java:96)
at org.testng.TestNG.runSuitesSequentially(TestNG.java:1212)
at org.testng.TestNG.runSuitesLocally(TestNG.java:1134)
at org.testng.TestNG.runSuites(TestNG.java:1063)
at org.testng.TestNG.run(TestNG.java:1031)
at org.testng.remote.AbstractRemoteTestNG.run(AbstractRemoteTestNG.java:115)
at org.testng.remote.RemoteTestNG.initAndRun(RemoteTestNG.java:251)
at org.testng.remote.RemoteTestNG.main(RemoteTestNG.java:77)
]]>
            </full-stacktrace>
          </exception> <!-- java.lang.AssertionError -->
          <reporter-output>
          </reporter-output>
        </test-method> <!-- dashboardPageTest1 -->
        <test-method is-config="true" signature="tearDown(org.testng.ITestResult)[pri:0, instance:testing.dev.BuyerPortal_DashboardPageTest@7b2bbc3]" started-at="2023-10-25T15:16:40 IST" name="tearDown" finished-at="2023-10-25T15:16:40 IST" duration-ms="301" status="PASS">
          <params>
            <param index="0">
              <value>
                <![CDATA[[TestResult name=dashboardPageTest1 status=FAILURE method=BuyerPortal_DashboardPageTest.dashboardPageTest1()[pri:2, instance:testing.dev.BuyerPortal_DashboardPageTest@7b2bbc3] output={null}]]]>
              </value>
            </param>
          </params>
          <reporter-output>
          </reporter-output>
        </test-method> <!-- tearDown -->
        <test-method is-config="true" signature="closeReport()[pri:0, instance:testing.dev.BuyerPortal_DashboardPageTest@7b2bbc3]" started-at="2023-10-25T15:16:40 IST" name="closeReport" finished-at="2023-10-25T15:16:40 IST" duration-ms="225" status="PASS">
          <reporter-output>
          </reporter-output>
        </test-method> <!-- closeReport -->
      </class> <!-- testing.dev.BuyerPortal_DashboardPageTest -->
    </test> <!-- Test3 -->
    <test started-at="2023-10-25T15:16:40 IST" name="Test4" finished-at="2023-10-25T15:19:11 IST" duration-ms="150841">
      <class name="testing.dev.BuyerPortal_ComparePageTest">
        <test-method is-config="true" signature="setUp()[pri:0, instance:testing.dev.BuyerPortal_ComparePageTest@4218d6a3]" started-at="2023-10-25T15:16:40 IST" name="setUp" finished-at="2023-10-25T15:16:43 IST" duration-ms="2548" status="PASS">
          <reporter-output>
          </reporter-output>
        </test-method> <!-- setUp -->
        <test-method is-config="true" signature="setReports()[pri:0, instance:testing.dev.BuyerPortal_ComparePageTest@4218d6a3]" started-at="2023-10-25T15:16:43 IST" name="setReports" finished-at="2023-10-25T15:16:43 IST" duration-ms="1" status="PASS">
          <reporter-output>
          </reporter-output>
        </test-method> <!-- setReports -->
        <test-method signature="signUpPageTest1()[pri:1, instance:testing.dev.BuyerPortal_ComparePageTest@4218d6a3]" started-at="2023-10-25T15:16:43 IST" name="signUpPageTest1" finished-at="2023-10-25T15:17:34 IST" duration-ms="51572" status="PASS">
          <reporter-output>
          </reporter-output>
        </test-method> <!-- signUpPageTest1 -->
        <test-method is-config="true" signature="testName(java.lang.reflect.Method)[pri:0, instance:testing.dev.BuyerPortal_ComparePageTest@4218d6a3]" started-at="2023-10-25T15:16:43 IST" name="testName" finished-at="2023-10-25T15:16:43 IST" duration-ms="0" status="PASS">
          <params>
            <param index="0">
              <value>
                <![CDATA[public void testing.dev.BuyerPortal_ComparePageTest.signUpPageTest1() throws java.io.IOException,java.lang.InterruptedException]]>
              </value>
            </param>
          </params>
          <reporter-output>
          </reporter-output>
        </test-method> <!-- testName -->
        <test-method is-config="true" signature="tearDown(org.testng.ITestResult)[pri:0, instance:testing.dev.BuyerPortal_ComparePageTest@4218d6a3]" started-at="2023-10-25T15:17:34 IST" name="tearDown" finished-at="2023-10-25T15:17:34 IST" duration-ms="0" status="PASS">
          <params>
            <param index="0">
              <value>
                <![CDATA[[TestResult name=signUpPageTest1 status=SUCCESS method=BuyerPortal_ComparePageTest.signUpPageTest1()[pri:1, instance:testing.dev.BuyerPortal_ComparePageTest@4218d6a3] output={null}]]]>
              </value>
            </param>
          </params>
          <reporter-output>
          </reporter-output>
        </test-method> <!-- tearDown -->
        <test-method is-config="true" signature="testName(java.lang.reflect.Method)[pri:0, instance:testing.dev.BuyerPortal_ComparePageTest@4218d6a3]" started-at="2023-10-25T15:17:34 IST" name="testName" finished-at="2023-10-25T15:17:34 IST" duration-ms="1" status="PASS">
          <params>
            <param index="0">
              <value>
                <![CDATA[public void testing.dev.BuyerPortal_ComparePageTest.comparePage01() throws java.lang.InterruptedException]]>
              </value>
            </param>
          </params>
          <reporter-output>
          </reporter-output>
        </test-method> <!-- testName -->
        <test-method signature="comparePage01()[pri:2, instance:testing.dev.BuyerPortal_ComparePageTest@4218d6a3]" started-at="2023-10-25T15:17:34 IST" name="comparePage01" finished-at="2023-10-25T15:18:19 IST" duration-ms="44485" status="PASS">
          <reporter-output>
          </reporter-output>
        </test-method> <!-- comparePage01 -->
        <test-method is-config="true" signature="tearDown(org.testng.ITestResult)[pri:0, instance:testing.dev.BuyerPortal_ComparePageTest@4218d6a3]" started-at="2023-10-25T15:18:19 IST" name="tearDown" finished-at="2023-10-25T15:18:19 IST" duration-ms="1" status="PASS">
          <params>
            <param index="0">
              <value>
                <![CDATA[[TestResult name=comparePage01 status=SUCCESS method=BuyerPortal_ComparePageTest.comparePage01()[pri:2, instance:testing.dev.BuyerPortal_ComparePageTest@4218d6a3] output={null}]]]>
              </value>
            </param>
          </params>
          <reporter-output>
          </reporter-output>
        </test-method> <!-- tearDown -->
        <test-method is-config="true" signature="testName(java.lang.reflect.Method)[pri:0, instance:testing.dev.BuyerPortal_ComparePageTest@4218d6a3]" started-at="2023-10-25T15:18:19 IST" name="testName" finished-at="2023-10-25T15:18:19 IST" duration-ms="0" status="PASS">
          <params>
            <param index="0">
              <value>
                <![CDATA[public void testing.dev.BuyerPortal_ComparePageTest.contactSupplier1() throws java.lang.InterruptedException]]>
              </value>
            </param>
          </params>
          <reporter-output>
          </reporter-output>
        </test-method> <!-- testName -->
        <test-method signature="contactSupplier1()[pri:3, instance:testing.dev.BuyerPortal_ComparePageTest@4218d6a3]" started-at="2023-10-25T15:18:19 IST" name="contactSupplier1" finished-at="2023-10-25T15:18:42 IST" duration-ms="22954" status="PASS">
          <reporter-output>
          </reporter-output>
        </test-method> <!-- contactSupplier1 -->
        <test-method is-config="true" signature="tearDown(org.testng.ITestResult)[pri:0, instance:testing.dev.BuyerPortal_ComparePageTest@4218d6a3]" started-at="2023-10-25T15:18:42 IST" name="tearDown" finished-at="2023-10-25T15:18:42 IST" duration-ms="1" status="PASS">
          <params>
            <param index="0">
              <value>
                <![CDATA[[TestResult name=contactSupplier1 status=SUCCESS method=BuyerPortal_ComparePageTest.contactSupplier1()[pri:3, instance:testing.dev.BuyerPortal_ComparePageTest@4218d6a3] output={null}]]]>
              </value>
            </param>
          </params>
          <reporter-output>
          </reporter-output>
        </test-method> <!-- tearDown -->
        <test-method signature="requestQuote()[pri:4, instance:testing.dev.BuyerPortal_ComparePageTest@4218d6a3]" started-at="2023-10-25T15:18:42 IST" name="requestQuote" finished-at="2023-10-25T15:19:11 IST" duration-ms="29048" status="PASS">
          <reporter-output>
          </reporter-output>
        </test-method> <!-- requestQuote -->
        <test-method is-config="true" signature="testName(java.lang.reflect.Method)[pri:0, instance:testing.dev.BuyerPortal_ComparePageTest@4218d6a3]" started-at="2023-10-25T15:18:42 IST" name="testName" finished-at="2023-10-25T15:18:42 IST" duration-ms="0" status="PASS">
          <params>
            <param index="0">
              <value>
                <![CDATA[public void testing.dev.BuyerPortal_ComparePageTest.requestQuote() throws java.lang.InterruptedException]]>
              </value>
            </param>
          </params>
          <reporter-output>
          </reporter-output>
        </test-method> <!-- testName -->
        <test-method is-config="true" signature="tearDown(org.testng.ITestResult)[pri:0, instance:testing.dev.BuyerPortal_ComparePageTest@4218d6a3]" started-at="2023-10-25T15:19:11 IST" name="tearDown" finished-at="2023-10-25T15:19:11 IST" duration-ms="1" status="PASS">
          <params>
            <param index="0">
              <value>
                <![CDATA[[TestResult name=requestQuote status=SUCCESS method=BuyerPortal_ComparePageTest.requestQuote()[pri:4, instance:testing.dev.BuyerPortal_ComparePageTest@4218d6a3] output={null}]]]>
              </value>
            </param>
          </params>
          <reporter-output>
          </reporter-output>
        </test-method> <!-- tearDown -->
        <test-method is-config="true" signature="closeReport()[pri:0, instance:testing.dev.BuyerPortal_ComparePageTest@4218d6a3]" started-at="2023-10-25T15:19:11 IST" name="closeReport" finished-at="2023-10-25T15:19:11 IST" duration-ms="220" status="PASS">
          <reporter-output>
          </reporter-output>
        </test-method> <!-- closeReport -->
      </class> <!-- testing.dev.BuyerPortal_ComparePageTest -->
    </test> <!-- Test4 -->
    <test started-at="2023-10-25T15:19:11 IST" name="Test5" finished-at="2023-10-25T15:21:45 IST" duration-ms="153764">
      <class name="testing.dev.BuyerPortal_FavouritePageTest">
        <test-method is-config="true" signature="setUp()[pri:0, instance:testing.dev.BuyerPortal_FavouritePageTest@34123d65]" started-at="2023-10-25T15:19:11 IST" name="setUp" finished-at="2023-10-25T15:19:14 IST" duration-ms="2697" status="PASS">
          <reporter-output>
          </reporter-output>
        </test-method> <!-- setUp -->
        <test-method is-config="true" signature="setReports()[pri:0, instance:testing.dev.BuyerPortal_FavouritePageTest@34123d65]" started-at="2023-10-25T15:19:14 IST" name="setReports" finished-at="2023-10-25T15:19:14 IST" duration-ms="1" status="PASS">
          <reporter-output>
          </reporter-output>
        </test-method> <!-- setReports -->
        <test-method is-config="true" signature="testName(java.lang.reflect.Method)[pri:0, instance:testing.dev.BuyerPortal_FavouritePageTest@34123d65]" started-at="2023-10-25T15:19:14 IST" name="testName" finished-at="2023-10-25T15:19:14 IST" duration-ms="1" status="PASS">
          <params>
            <param index="0">
              <value>
                <![CDATA[public void testing.dev.BuyerPortal_FavouritePageTest.signUpPageTest1() throws java.io.IOException,java.lang.InterruptedException]]>
              </value>
            </param>
          </params>
          <reporter-output>
          </reporter-output>
        </test-method> <!-- testName -->
        <test-method signature="signUpPageTest1()[pri:1, instance:testing.dev.BuyerPortal_FavouritePageTest@34123d65]" started-at="2023-10-25T15:19:14 IST" name="signUpPageTest1" finished-at="2023-10-25T15:20:05 IST" duration-ms="51378" status="PASS">
          <reporter-output>
          </reporter-output>
        </test-method> <!-- signUpPageTest1 -->
        <test-method signature="loginsearchPageTest()[pri:2, instance:testing.dev.BuyerPortal_FavouritePageTest@34123d65]" started-at="2023-10-25T15:20:05 IST" name="loginsearchPageTest" finished-at="2023-10-25T15:20:15 IST" duration-ms="9896" status="PASS">
          <reporter-output>
          </reporter-output>
        </test-method> <!-- loginsearchPageTest -->
        <test-method is-config="true" signature="testName(java.lang.reflect.Method)[pri:0, instance:testing.dev.BuyerPortal_FavouritePageTest@34123d65]" started-at="2023-10-25T15:20:05 IST" name="testName" finished-at="2023-10-25T15:20:05 IST" duration-ms="0" status="PASS">
          <params>
            <param index="0">
              <value>
                <![CDATA[public void testing.dev.BuyerPortal_FavouritePageTest.loginsearchPageTest() throws java.lang.InterruptedException]]>
              </value>
            </param>
          </params>
          <reporter-output>
          </reporter-output>
        </test-method> <!-- testName -->
        <test-method is-config="true" signature="tearDown(org.testng.ITestResult)[pri:0, instance:testing.dev.BuyerPortal_FavouritePageTest@34123d65]" started-at="2023-10-25T15:20:05 IST" name="tearDown" finished-at="2023-10-25T15:20:05 IST" duration-ms="0" status="PASS">
          <params>
            <param index="0">
              <value>
                <![CDATA[[TestResult name=signUpPageTest1 status=SUCCESS method=BuyerPortal_FavouritePageTest.signUpPageTest1()[pri:1, instance:testing.dev.BuyerPortal_FavouritePageTest@34123d65] output={null}]]]>
              </value>
            </param>
          </params>
          <reporter-output>
          </reporter-output>
        </test-method> <!-- tearDown -->
        <test-method is-config="true" signature="tearDown(org.testng.ITestResult)[pri:0, instance:testing.dev.BuyerPortal_FavouritePageTest@34123d65]" started-at="2023-10-25T15:20:15 IST" name="tearDown" finished-at="2023-10-25T15:20:15 IST" duration-ms="1" status="PASS">
          <params>
            <param index="0">
              <value>
                <![CDATA[[TestResult name=loginsearchPageTest status=SUCCESS method=BuyerPortal_FavouritePageTest.loginsearchPageTest()[pri:2, instance:testing.dev.BuyerPortal_FavouritePageTest@34123d65] output={null}]]]>
              </value>
            </param>
          </params>
          <reporter-output>
          </reporter-output>
        </test-method> <!-- tearDown -->
        <test-method signature="favPage1()[pri:3, instance:testing.dev.BuyerPortal_FavouritePageTest@34123d65]" started-at="2023-10-25T15:20:15 IST" name="favPage1" finished-at="2023-10-25T15:21:45 IST" duration-ms="89557" status="PASS">
          <reporter-output>
          </reporter-output>
        </test-method> <!-- favPage1 -->
        <test-method is-config="true" signature="testName(java.lang.reflect.Method)[pri:0, instance:testing.dev.BuyerPortal_FavouritePageTest@34123d65]" started-at="2023-10-25T15:20:15 IST" name="testName" finished-at="2023-10-25T15:20:15 IST" duration-ms="0" status="PASS">
          <params>
            <param index="0">
              <value>
                <![CDATA[public void testing.dev.BuyerPortal_FavouritePageTest.favPage1() throws java.lang.InterruptedException]]>
              </value>
            </param>
          </params>
          <reporter-output>
          </reporter-output>
        </test-method> <!-- testName -->
        <test-method is-config="true" signature="tearDown(org.testng.ITestResult)[pri:0, instance:testing.dev.BuyerPortal_FavouritePageTest@34123d65]" started-at="2023-10-25T15:21:45 IST" name="tearDown" finished-at="2023-10-25T15:21:45 IST" duration-ms="0" status="PASS">
          <params>
            <param index="0">
              <value>
                <![CDATA[[TestResult name=favPage1 status=SUCCESS method=BuyerPortal_FavouritePageTest.favPage1()[pri:3, instance:testing.dev.BuyerPortal_FavouritePageTest@34123d65] output={null}]]]>
              </value>
            </param>
          </params>
          <reporter-output>
          </reporter-output>
        </test-method> <!-- tearDown -->
        <test-method is-config="true" signature="closeReport()[pri:0, instance:testing.dev.BuyerPortal_FavouritePageTest@34123d65]" started-at="2023-10-25T15:21:45 IST" name="closeReport" finished-at="2023-10-25T15:21:45 IST" duration-ms="229" status="PASS">
          <reporter-output>
          </reporter-output>
        </test-method> <!-- closeReport -->
      </class> <!-- testing.dev.BuyerPortal_FavouritePageTest -->
    </test> <!-- Test5 -->
    <test started-at="2023-10-25T15:21:45 IST" name="Test6" finished-at="2023-10-25T15:31:04 IST" duration-ms="558964">
      <class name="testing.dev.BuyerPortal_EmcxPageTest">
        <test-method is-config="true" signature="setUp()[pri:0, instance:testing.dev.BuyerPortal_EmcxPageTest@3590fc5b]" started-at="2023-10-25T15:21:45 IST" name="setUp" finished-at="2023-10-25T15:21:48 IST" duration-ms="2663" status="PASS">
          <reporter-output>
          </reporter-output>
        </test-method> <!-- setUp -->
        <test-method is-config="true" signature="setReports()[pri:0, instance:testing.dev.BuyerPortal_EmcxPageTest@3590fc5b]" started-at="2023-10-25T15:21:48 IST" name="setReports" finished-at="2023-10-25T15:21:48 IST" duration-ms="1" status="PASS">
          <reporter-output>
          </reporter-output>
        </test-method> <!-- setReports -->
        <test-method signature="signUpPageTest1()[pri:1, instance:testing.dev.BuyerPortal_EmcxPageTest@3590fc5b]" started-at="2023-10-25T15:21:48 IST" name="signUpPageTest1" finished-at="2023-10-25T15:22:38 IST" duration-ms="50826" status="PASS">
          <reporter-output>
          </reporter-output>
        </test-method> <!-- signUpPageTest1 -->
        <test-method is-config="true" signature="testName(java.lang.reflect.Method)[pri:0, instance:testing.dev.BuyerPortal_EmcxPageTest@3590fc5b]" started-at="2023-10-25T15:21:48 IST" name="testName" finished-at="2023-10-25T15:21:48 IST" duration-ms="0" status="PASS">
          <params>
            <param index="0">
              <value>
                <![CDATA[public void testing.dev.BuyerPortal_EmcxPageTest.signUpPageTest1() throws java.io.IOException,java.lang.InterruptedException]]>
              </value>
            </param>
          </params>
          <reporter-output>
          </reporter-output>
        </test-method> <!-- testName -->
        <test-method is-config="true" signature="tearDown(org.testng.ITestResult)[pri:0, instance:testing.dev.BuyerPortal_EmcxPageTest@3590fc5b]" started-at="2023-10-25T15:22:38 IST" name="tearDown" finished-at="2023-10-25T15:22:38 IST" duration-ms="1" status="PASS">
          <params>
            <param index="0">
              <value>
                <![CDATA[[TestResult name=signUpPageTest1 status=SUCCESS method=BuyerPortal_EmcxPageTest.signUpPageTest1()[pri:1, instance:testing.dev.BuyerPortal_EmcxPageTest@3590fc5b] output={null}]]]>
              </value>
            </param>
          </params>
          <reporter-output>
          </reporter-output>
        </test-method> <!-- tearDown -->
        <test-method signature="emcxPage()[pri:2, instance:testing.dev.BuyerPortal_EmcxPageTest@3590fc5b]" started-at="2023-10-25T15:22:38 IST" name="emcxPage" finished-at="2023-10-25T15:31:04 IST" duration-ms="505076" status="PASS">
          <reporter-output>
          </reporter-output>
        </test-method> <!-- emcxPage -->
        <test-method is-config="true" signature="testName(java.lang.reflect.Method)[pri:0, instance:testing.dev.BuyerPortal_EmcxPageTest@3590fc5b]" started-at="2023-10-25T15:22:38 IST" name="testName" finished-at="2023-10-25T15:22:38 IST" duration-ms="0" status="PASS">
          <params>
            <param index="0">
              <value>
                <![CDATA[public void testing.dev.BuyerPortal_EmcxPageTest.emcxPage() throws java.lang.InterruptedException,java.io.IOException]]>
              </value>
            </param>
          </params>
          <reporter-output>
          </reporter-output>
        </test-method> <!-- testName -->
        <test-method is-config="true" signature="tearDown(org.testng.ITestResult)[pri:0, instance:testing.dev.BuyerPortal_EmcxPageTest@3590fc5b]" started-at="2023-10-25T15:31:04 IST" name="tearDown" finished-at="2023-10-25T15:31:04 IST" duration-ms="1" status="PASS">
          <params>
            <param index="0">
              <value>
                <![CDATA[[TestResult name=emcxPage status=SUCCESS method=BuyerPortal_EmcxPageTest.emcxPage()[pri:2, instance:testing.dev.BuyerPortal_EmcxPageTest@3590fc5b] output={null}]]]>
              </value>
            </param>
          </params>
          <reporter-output>
          </reporter-output>
        </test-method> <!-- tearDown -->
        <test-method is-config="true" signature="closeReport()[pri:0, instance:testing.dev.BuyerPortal_EmcxPageTest@3590fc5b]" started-at="2023-10-25T15:31:04 IST" name="closeReport" finished-at="2023-10-25T15:31:04 IST" duration-ms="394" status="PASS">
          <reporter-output>
          </reporter-output>
        </test-method> <!-- closeReport -->
      </class> <!-- testing.dev.BuyerPortal_EmcxPageTest -->
    </test> <!-- Test6 -->
    <test started-at="2023-10-25T15:31:04 IST" name="Test7" finished-at="2023-10-25T15:33:35 IST" duration-ms="151103">
      <class name="testing.dev.BuyerPortal_FinancingPageTest">
        <test-method is-config="true" signature="setUp()[pri:0, instance:testing.dev.BuyerPortal_FinancingPageTest@74235045]" started-at="2023-10-25T15:31:04 IST" name="setUp" finished-at="2023-10-25T15:31:07 IST" duration-ms="2619" status="PASS">
          <reporter-output>
          </reporter-output>
        </test-method> <!-- setUp -->
        <test-method is-config="true" signature="setReports()[pri:0, instance:testing.dev.BuyerPortal_FinancingPageTest@74235045]" started-at="2023-10-25T15:31:07 IST" name="setReports" finished-at="2023-10-25T15:31:07 IST" duration-ms="0" status="PASS">
          <reporter-output>
          </reporter-output>
        </test-method> <!-- setReports -->
        <test-method signature="signUpPageTest1()[pri:1, instance:testing.dev.BuyerPortal_FinancingPageTest@74235045]" started-at="2023-10-25T15:31:07 IST" name="signUpPageTest1" finished-at="2023-10-25T15:31:58 IST" duration-ms="51187" status="PASS">
          <reporter-output>
          </reporter-output>
        </test-method> <!-- signUpPageTest1 -->
        <test-method is-config="true" signature="testName(java.lang.reflect.Method)[pri:0, instance:testing.dev.BuyerPortal_FinancingPageTest@74235045]" started-at="2023-10-25T15:31:07 IST" name="testName" finished-at="2023-10-25T15:31:07 IST" duration-ms="0" status="PASS">
          <params>
            <param index="0">
              <value>
                <![CDATA[public void testing.dev.BuyerPortal_FinancingPageTest.signUpPageTest1() throws java.io.IOException,java.lang.InterruptedException]]>
              </value>
            </param>
          </params>
          <reporter-output>
          </reporter-output>
        </test-method> <!-- testName -->
        <test-method is-config="true" signature="tearDown(org.testng.ITestResult)[pri:0, instance:testing.dev.BuyerPortal_FinancingPageTest@74235045]" started-at="2023-10-25T15:31:58 IST" name="tearDown" finished-at="2023-10-25T15:31:58 IST" duration-ms="0" status="PASS">
          <params>
            <param index="0">
              <value>
                <![CDATA[[TestResult name=signUpPageTest1 status=SUCCESS method=BuyerPortal_FinancingPageTest.signUpPageTest1()[pri:1, instance:testing.dev.BuyerPortal_FinancingPageTest@74235045] output={null}]]]>
              </value>
            </param>
          </params>
          <reporter-output>
          </reporter-output>
        </test-method> <!-- tearDown -->
        <test-method is-config="true" signature="testName(java.lang.reflect.Method)[pri:0, instance:testing.dev.BuyerPortal_FinancingPageTest@74235045]" started-at="2023-10-25T15:31:58 IST" name="testName" finished-at="2023-10-25T15:31:58 IST" duration-ms="1" status="PASS">
          <params>
            <param index="0">
              <value>
                <![CDATA[public void testing.dev.BuyerPortal_FinancingPageTest.financingpage_basicbusiness() throws java.lang.InterruptedException]]>
              </value>
            </param>
          </params>
          <reporter-output>
          </reporter-output>
        </test-method> <!-- testName -->
        <test-method signature="financingpage_basicbusiness()[pri:2, instance:testing.dev.BuyerPortal_FinancingPageTest@74235045]" started-at="2023-10-25T15:31:58 IST" name="financingpage_basicbusiness" finished-at="2023-10-25T15:32:57 IST" duration-ms="58794" status="PASS">
          <reporter-output>
          </reporter-output>
        </test-method> <!-- financingpage_basicbusiness -->
        <test-method is-config="true" signature="tearDown(org.testng.ITestResult)[pri:0, instance:testing.dev.BuyerPortal_FinancingPageTest@74235045]" started-at="2023-10-25T15:32:57 IST" name="tearDown" finished-at="2023-10-25T15:32:57 IST" duration-ms="0" status="PASS">
          <params>
            <param index="0">
              <value>
                <![CDATA[[TestResult name=financingpage_basicbusiness status=SUCCESS method=BuyerPortal_FinancingPageTest.financingpage_basicbusiness()[pri:2, instance:testing.dev.BuyerPortal_FinancingPageTest@74235045] output={null}]]]>
              </value>
            </param>
          </params>
          <reporter-output>
          </reporter-output>
        </test-method> <!-- tearDown -->
        <test-method is-config="true" signature="testName(java.lang.reflect.Method)[pri:0, instance:testing.dev.BuyerPortal_FinancingPageTest@74235045]" started-at="2023-10-25T15:32:57 IST" name="testName" finished-at="2023-10-25T15:32:57 IST" duration-ms="0" status="PASS">
          <params>
            <param index="0">
              <value>
                <![CDATA[public void testing.dev.BuyerPortal_FinancingPageTest.financingpage_TradeDocuments() throws java.lang.InterruptedException,java.awt.AWTException]]>
              </value>
            </param>
          </params>
          <reporter-output>
          </reporter-output>
        </test-method> <!-- testName -->
        <test-method signature="financingpage_TradeDocuments()[pri:3, instance:testing.dev.BuyerPortal_FinancingPageTest@74235045]" started-at="2023-10-25T15:32:57 IST" name="financingpage_TradeDocuments" finished-at="2023-10-25T15:33:35 IST" duration-ms="38264" status="PASS">
          <reporter-output>
          </reporter-output>
        </test-method> <!-- financingpage_TradeDocuments -->
        <test-method is-config="true" signature="closeReport()[pri:0, instance:testing.dev.BuyerPortal_FinancingPageTest@74235045]" started-at="2023-10-25T15:33:35 IST" name="closeReport" finished-at="2023-10-25T15:33:35 IST" duration-ms="230" status="PASS">
          <reporter-output>
          </reporter-output>
        </test-method> <!-- closeReport -->
        <test-method is-config="true" signature="tearDown(org.testng.ITestResult)[pri:0, instance:testing.dev.BuyerPortal_FinancingPageTest@74235045]" started-at="2023-10-25T15:33:35 IST" name="tearDown" finished-at="2023-10-25T15:33:35 IST" duration-ms="0" status="PASS">
          <params>
            <param index="0">
              <value>
                <![CDATA[[TestResult name=financingpage_TradeDocuments status=SUCCESS method=BuyerPortal_FinancingPageTest.financingpage_TradeDocuments()[pri:3, instance:testing.dev.BuyerPortal_FinancingPageTest@74235045] output={null}]]]>
              </value>
            </param>
          </params>
          <reporter-output>
          </reporter-output>
        </test-method> <!-- tearDown -->
      </class> <!-- testing.dev.BuyerPortal_FinancingPageTest -->
    </test> <!-- Test7 -->
    <test started-at="2023-10-25T15:33:35 IST" name="Test8" finished-at="2023-10-25T15:36:26 IST" duration-ms="170937">
      <class name="testing.dev.BuyerPortal_LogisticsPageTest">
        <test-method is-config="true" signature="setUp()[pri:0, instance:testing.dev.BuyerPortal_LogisticsPageTest@6b2ea799]" started-at="2023-10-25T15:33:35 IST" name="setUp" finished-at="2023-10-25T15:33:38 IST" duration-ms="2537" status="PASS">
          <reporter-output>
          </reporter-output>
        </test-method> <!-- setUp -->
        <test-method is-config="true" signature="setReports()[pri:0, instance:testing.dev.BuyerPortal_LogisticsPageTest@6b2ea799]" started-at="2023-10-25T15:33:38 IST" name="setReports" finished-at="2023-10-25T15:33:38 IST" duration-ms="1" status="PASS">
          <reporter-output>
          </reporter-output>
        </test-method> <!-- setReports -->
        <test-method is-config="true" signature="testName(java.lang.reflect.Method)[pri:0, instance:testing.dev.BuyerPortal_LogisticsPageTest@6b2ea799]" started-at="2023-10-25T15:33:38 IST" name="testName" finished-at="2023-10-25T15:33:38 IST" duration-ms="0" status="PASS">
          <params>
            <param index="0">
              <value>
                <![CDATA[public void testing.dev.BuyerPortal_LogisticsPageTest.signUpPageTest1() throws java.io.IOException,java.lang.InterruptedException]]>
              </value>
            </param>
          </params>
          <reporter-output>
          </reporter-output>
        </test-method> <!-- testName -->
        <test-method signature="signUpPageTest1()[pri:1, instance:testing.dev.BuyerPortal_LogisticsPageTest@6b2ea799]" started-at="2023-10-25T15:33:38 IST" name="signUpPageTest1" finished-at="2023-10-25T15:34:28 IST" duration-ms="50800" status="PASS">
          <reporter-output>
          </reporter-output>
        </test-method> <!-- signUpPageTest1 -->
        <test-method signature="logisticspage()[pri:2, instance:testing.dev.BuyerPortal_LogisticsPageTest@6b2ea799]" started-at="2023-10-25T15:34:28 IST" name="logisticspage" finished-at="2023-10-25T15:36:26 IST" duration-ms="117333" status="PASS">
          <reporter-output>
          </reporter-output>
        </test-method> <!-- logisticspage -->
        <test-method is-config="true" signature="tearDown(org.testng.ITestResult)[pri:0, instance:testing.dev.BuyerPortal_LogisticsPageTest@6b2ea799]" started-at="2023-10-25T15:34:28 IST" name="tearDown" finished-at="2023-10-25T15:34:28 IST" duration-ms="0" status="PASS">
          <params>
            <param index="0">
              <value>
                <![CDATA[[TestResult name=signUpPageTest1 status=SUCCESS method=BuyerPortal_LogisticsPageTest.signUpPageTest1()[pri:1, instance:testing.dev.BuyerPortal_LogisticsPageTest@6b2ea799] output={null}]]]>
              </value>
            </param>
          </params>
          <reporter-output>
          </reporter-output>
        </test-method> <!-- tearDown -->
        <test-method is-config="true" signature="testName(java.lang.reflect.Method)[pri:0, instance:testing.dev.BuyerPortal_LogisticsPageTest@6b2ea799]" started-at="2023-10-25T15:34:28 IST" name="testName" finished-at="2023-10-25T15:34:28 IST" duration-ms="0" status="PASS">
          <params>
            <param index="0">
              <value>
                <![CDATA[public void testing.dev.BuyerPortal_LogisticsPageTest.logisticspage() throws java.lang.InterruptedException]]>
              </value>
            </param>
          </params>
          <reporter-output>
          </reporter-output>
        </test-method> <!-- testName -->
        <test-method is-config="true" signature="tearDown(org.testng.ITestResult)[pri:0, instance:testing.dev.BuyerPortal_LogisticsPageTest@6b2ea799]" started-at="2023-10-25T15:36:26 IST" name="tearDown" finished-at="2023-10-25T15:36:26 IST" duration-ms="1" status="PASS">
          <params>
            <param index="0">
              <value>
                <![CDATA[[TestResult name=logisticspage status=SUCCESS method=BuyerPortal_LogisticsPageTest.logisticspage()[pri:2, instance:testing.dev.BuyerPortal_LogisticsPageTest@6b2ea799] output={null}]]]>
              </value>
            </param>
          </params>
          <reporter-output>
          </reporter-output>
        </test-method> <!-- tearDown -->
        <test-method is-config="true" signature="closeReport()[pri:0, instance:testing.dev.BuyerPortal_LogisticsPageTest@6b2ea799]" started-at="2023-10-25T15:36:26 IST" name="closeReport" finished-at="2023-10-25T15:36:26 IST" duration-ms="263" status="PASS">
          <reporter-output>
          </reporter-output>
        </test-method> <!-- closeReport -->
      </class> <!-- testing.dev.BuyerPortal_LogisticsPageTest -->
    </test> <!-- Test8 -->
    <test started-at="2023-10-25T15:36:26 IST" name="Test9" finished-at="2023-10-25T15:37:36 IST" duration-ms="69736">
      <class name="testing.dev.BuyerPortal_Trusted_EducationPageTest">
        <test-method is-config="true" signature="setUp()[pri:0, instance:testing.dev.BuyerPortal_Trusted_EducationPageTest@4afcd809]" started-at="2023-10-25T15:36:26 IST" name="setUp" finished-at="2023-10-25T15:36:28 IST" duration-ms="2407" status="PASS">
          <reporter-output>
          </reporter-output>
        </test-method> <!-- setUp -->
        <test-method is-config="true" signature="setReports()[pri:0, instance:testing.dev.BuyerPortal_Trusted_EducationPageTest@4afcd809]" started-at="2023-10-25T15:36:28 IST" name="setReports" finished-at="2023-10-25T15:36:28 IST" duration-ms="1" status="PASS">
          <reporter-output>
          </reporter-output>
        </test-method> <!-- setReports -->
        <test-method is-config="true" signature="testName(java.lang.reflect.Method)[pri:0, instance:testing.dev.BuyerPortal_Trusted_EducationPageTest@4afcd809]" started-at="2023-10-25T15:36:28 IST" name="testName" finished-at="2023-10-25T15:36:28 IST" duration-ms="0" status="PASS">
          <params>
            <param index="0">
              <value>
                <![CDATA[public void testing.dev.BuyerPortal_Trusted_EducationPageTest.signUpPageTest1() throws java.io.IOException,java.lang.InterruptedException]]>
              </value>
            </param>
          </params>
          <reporter-output>
          </reporter-output>
        </test-method> <!-- testName -->
        <test-method signature="signUpPageTest1()[pri:1, instance:testing.dev.BuyerPortal_Trusted_EducationPageTest@4afcd809]" started-at="2023-10-25T15:36:28 IST" name="signUpPageTest1" finished-at="2023-10-25T15:37:20 IST" duration-ms="51750" status="PASS">
          <reporter-output>
          </reporter-output>
        </test-method> <!-- signUpPageTest1 -->
        <test-method is-config="true" signature="tearDown(org.testng.ITestResult)[pri:0, instance:testing.dev.BuyerPortal_Trusted_EducationPageTest@4afcd809]" started-at="2023-10-25T15:37:20 IST" name="tearDown" finished-at="2023-10-25T15:37:20 IST" duration-ms="0" status="PASS">
          <params>
            <param index="0">
              <value>
                <![CDATA[[TestResult name=signUpPageTest1 status=SUCCESS method=BuyerPortal_Trusted_EducationPageTest.signUpPageTest1()[pri:1, instance:testing.dev.BuyerPortal_Trusted_EducationPageTest@4afcd809] output={null}]]]>
              </value>
            </param>
          </params>
          <reporter-output>
          </reporter-output>
        </test-method> <!-- tearDown -->
        <test-method is-config="true" signature="testName(java.lang.reflect.Method)[pri:0, instance:testing.dev.BuyerPortal_Trusted_EducationPageTest@4afcd809]" started-at="2023-10-25T15:37:20 IST" name="testName" finished-at="2023-10-25T15:37:20 IST" duration-ms="0" status="PASS">
          <params>
            <param index="0">
              <value>
                <![CDATA[public void testing.dev.BuyerPortal_Trusted_EducationPageTest.TrustedPage() throws java.io.IOException,java.lang.InterruptedException]]>
              </value>
            </param>
          </params>
          <reporter-output>
          </reporter-output>
        </test-method> <!-- testName -->
        <test-method signature="TrustedPage()[pri:2, instance:testing.dev.BuyerPortal_Trusted_EducationPageTest@4afcd809]" started-at="2023-10-25T15:37:20 IST" name="TrustedPage" finished-at="2023-10-25T15:37:29 IST" duration-ms="9235" status="PASS">
          <reporter-output>
          </reporter-output>
        </test-method> <!-- TrustedPage -->
        <test-method is-config="true" signature="tearDown(org.testng.ITestResult)[pri:0, instance:testing.dev.BuyerPortal_Trusted_EducationPageTest@4afcd809]" started-at="2023-10-25T15:37:29 IST" name="tearDown" finished-at="2023-10-25T15:37:29 IST" duration-ms="0" status="PASS">
          <params>
            <param index="0">
              <value>
                <![CDATA[[TestResult name=TrustedPage status=SUCCESS method=BuyerPortal_Trusted_EducationPageTest.TrustedPage()[pri:2, instance:testing.dev.BuyerPortal_Trusted_EducationPageTest@4afcd809] output={null}]]]>
              </value>
            </param>
          </params>
          <reporter-output>
          </reporter-output>
        </test-method> <!-- tearDown -->
        <test-method is-config="true" signature="testName(java.lang.reflect.Method)[pri:0, instance:testing.dev.BuyerPortal_Trusted_EducationPageTest@4afcd809]" started-at="2023-10-25T15:37:29 IST" name="testName" finished-at="2023-10-25T15:37:29 IST" duration-ms="1" status="PASS">
          <params>
            <param index="0">
              <value>
                <![CDATA[public void testing.dev.BuyerPortal_Trusted_EducationPageTest.EucationPage() throws java.io.IOException,java.lang.InterruptedException]]>
              </value>
            </param>
          </params>
          <reporter-output>
          </reporter-output>
        </test-method> <!-- testName -->
        <test-method signature="EucationPage()[pri:3, instance:testing.dev.BuyerPortal_Trusted_EducationPageTest@4afcd809]" started-at="2023-10-25T15:37:29 IST" name="EucationPage" finished-at="2023-10-25T15:37:36 IST" duration-ms="6192" status="PASS">
          <reporter-output>
          </reporter-output>
        </test-method> <!-- EucationPage -->
        <test-method is-config="true" signature="tearDown(org.testng.ITestResult)[pri:0, instance:testing.dev.BuyerPortal_Trusted_EducationPageTest@4afcd809]" started-at="2023-10-25T15:37:36 IST" name="tearDown" finished-at="2023-10-25T15:37:36 IST" duration-ms="1" status="PASS">
          <params>
            <param index="0">
              <value>
                <![CDATA[[TestResult name=EucationPage status=SUCCESS method=BuyerPortal_Trusted_EducationPageTest.EucationPage()[pri:3, instance:testing.dev.BuyerPortal_Trusted_EducationPageTest@4afcd809] output={null}]]]>
              </value>
            </param>
          </params>
          <reporter-output>
          </reporter-output>
        </test-method> <!-- tearDown -->
        <test-method is-config="true" signature="closeReport()[pri:0, instance:testing.dev.BuyerPortal_Trusted_EducationPageTest@4afcd809]" started-at="2023-10-25T15:37:36 IST" name="closeReport" finished-at="2023-10-25T15:37:36 IST" duration-ms="146" status="PASS">
          <reporter-output>
          </reporter-output>
        </test-method> <!-- closeReport -->
      </class> <!-- testing.dev.BuyerPortal_Trusted_EducationPageTest -->
    </test> <!-- Test9 -->
    <test started-at="2023-10-25T15:37:36 IST" name="Test10" finished-at="2023-10-25T15:39:14 IST" duration-ms="97969">
      <class name="testing.dev.BuyerPortal_ProfilePageTest">
        <test-method is-config="true" signature="setUp()[pri:0, instance:testing.dev.BuyerPortal_ProfilePageTest@75d4a5c2]" started-at="2023-10-25T15:37:36 IST" name="setUp" finished-at="2023-10-25T15:37:38 IST" duration-ms="2551" status="PASS">
          <reporter-output>
          </reporter-output>
        </test-method> <!-- setUp -->
        <test-method is-config="true" signature="setReports()[pri:0, instance:testing.dev.BuyerPortal_ProfilePageTest@75d4a5c2]" started-at="2023-10-25T15:37:38 IST" name="setReports" finished-at="2023-10-25T15:37:38 IST" duration-ms="1" status="PASS">
          <reporter-output>
          </reporter-output>
        </test-method> <!-- setReports -->
        <test-method is-config="true" signature="testName(java.lang.reflect.Method)[pri:0, instance:testing.dev.BuyerPortal_ProfilePageTest@75d4a5c2]" started-at="2023-10-25T15:37:38 IST" name="testName" finished-at="2023-10-25T15:37:38 IST" duration-ms="0" status="PASS">
          <params>
            <param index="0">
              <value>
                <![CDATA[public void testing.dev.BuyerPortal_ProfilePageTest.signUpPageTest1() throws java.io.IOException,java.lang.InterruptedException]]>
              </value>
            </param>
          </params>
          <reporter-output>
          </reporter-output>
        </test-method> <!-- testName -->
        <test-method signature="signUpPageTest1()[pri:1, instance:testing.dev.BuyerPortal_ProfilePageTest@75d4a5c2]" started-at="2023-10-25T15:37:38 IST" name="signUpPageTest1" finished-at="2023-10-25T15:38:31 IST" duration-ms="52456" status="PASS">
          <reporter-output>
          </reporter-output>
        </test-method> <!-- signUpPageTest1 -->
        <test-method is-config="true" signature="tearDown(org.testng.ITestResult)[pri:0, instance:testing.dev.BuyerPortal_ProfilePageTest@75d4a5c2]" started-at="2023-10-25T15:38:31 IST" name="tearDown" finished-at="2023-10-25T15:38:31 IST" duration-ms="1" status="PASS">
          <params>
            <param index="0">
              <value>
                <![CDATA[[TestResult name=signUpPageTest1 status=SUCCESS method=BuyerPortal_ProfilePageTest.signUpPageTest1()[pri:1, instance:testing.dev.BuyerPortal_ProfilePageTest@75d4a5c2] output={null}]]]>
              </value>
            </param>
          </params>
          <reporter-output>
          </reporter-output>
        </test-method> <!-- tearDown -->
        <test-method is-config="true" signature="testName(java.lang.reflect.Method)[pri:0, instance:testing.dev.BuyerPortal_ProfilePageTest@75d4a5c2]" started-at="2023-10-25T15:38:31 IST" name="testName" finished-at="2023-10-25T15:38:31 IST" duration-ms="1" status="PASS">
          <params>
            <param index="0">
              <value>
                <![CDATA[public void testing.dev.BuyerPortal_ProfilePageTest.profilepagetest() throws java.lang.InterruptedException,java.awt.AWTException,java.io.IOException]]>
              </value>
            </param>
          </params>
          <reporter-output>
          </reporter-output>
        </test-method> <!-- testName -->
        <test-method signature="profilepagetest()[pri:2, instance:testing.dev.BuyerPortal_ProfilePageTest@75d4a5c2]" started-at="2023-10-25T15:38:31 IST" name="profilepagetest" finished-at="2023-10-25T15:39:14 IST" duration-ms="42777" status="PASS">
          <reporter-output>
          </reporter-output>
        </test-method> <!-- profilepagetest -->
        <test-method is-config="true" signature="tearDown(org.testng.ITestResult)[pri:0, instance:testing.dev.BuyerPortal_ProfilePageTest@75d4a5c2]" started-at="2023-10-25T15:39:14 IST" name="tearDown" finished-at="2023-10-25T15:39:14 IST" duration-ms="1" status="PASS">
          <params>
            <param index="0">
              <value>
                <![CDATA[[TestResult name=profilepagetest status=SUCCESS method=BuyerPortal_ProfilePageTest.profilepagetest()[pri:2, instance:testing.dev.BuyerPortal_ProfilePageTest@75d4a5c2] output={null}]]]>
              </value>
            </param>
          </params>
          <reporter-output>
          </reporter-output>
        </test-method> <!-- tearDown -->
        <test-method is-config="true" signature="closeReport()[pri:0, instance:testing.dev.BuyerPortal_ProfilePageTest@75d4a5c2]" started-at="2023-10-25T15:39:14 IST" name="closeReport" finished-at="2023-10-25T15:39:14 IST" duration-ms="179" status="PASS">
          <reporter-output>
          </reporter-output>
        </test-method> <!-- closeReport -->
      </class> <!-- testing.dev.BuyerPortal_ProfilePageTest -->
    </test> <!-- Test10 -->
  </suite> <!-- Suite -->
</testng-results>
