<?xml version="1.0" encoding="UTF-8"?>
<testng-results ignored="0" total="2" passed="2" failed="0" skipped="0">
  <reporter-output>
  </reporter-output>
  <suite started-at="2023-11-20T15:49:37 IST" name="Default suite" finished-at="2023-11-20T15:52:17 IST" duration-ms="160385">
    <groups>
    </groups>
    <test started-at="2023-11-20T15:49:37 IST" name="Default test" finished-at="2023-11-20T15:52:17 IST" duration-ms="160385">
      <class name="testing.dev.BuyerPortal_DashboardPageTest">
        <test-method is-config="true" signature="setUp()[pri:0, instance:testing.dev.BuyerPortal_DashboardPageTest@2d7275fc]" started-at="2023-11-20T15:49:37 IST" name="setUp" finished-at="2023-11-20T15:49:42 IST" duration-ms="4709" status="PASS">
          <reporter-output>
          </reporter-output>
        </test-method> <!-- setUp -->
        <test-method is-config="true" signature="setReports()[pri:0, instance:testing.dev.BuyerPortal_DashboardPageTest@2d7275fc]" started-at="2023-11-20T15:49:42 IST" name="setReports" finished-at="2023-11-20T15:49:42 IST" duration-ms="93" status="PASS">
          <reporter-output>
          </reporter-output>
        </test-method> <!-- setReports -->
        <test-method is-config="true" signature="testName(java.lang.reflect.Method)[pri:0, instance:testing.dev.BuyerPortal_DashboardPageTest@2d7275fc]" started-at="2023-11-20T15:49:42 IST" name="testName" finished-at="2023-11-20T15:49:42 IST" duration-ms="5" status="PASS">
          <params>
            <param index="0">
              <value>
                <![CDATA[public void testing.dev.BuyerPortal_DashboardPageTest.signUpPageTest1() throws java.io.IOException,java.lang.InterruptedException]]>
              </value>
            </param>
          </params>
          <reporter-output>
          </reporter-output>
        </test-method> <!-- testName -->
        <test-method signature="signUpPageTest1()[pri:1, instance:testing.dev.BuyerPortal_DashboardPageTest@2d7275fc]" started-at="2023-11-20T15:49:42 IST" name="signUpPageTest1" finished-at="2023-11-20T15:50:35 IST" duration-ms="53151" status="PASS">
          <reporter-output>
          </reporter-output>
        </test-method> <!-- signUpPageTest1 -->
        <test-method is-config="true" signature="tearDown(org.testng.ITestResult)[pri:0, instance:testing.dev.BuyerPortal_DashboardPageTest@2d7275fc]" started-at="2023-11-20T15:50:35 IST" name="tearDown" finished-at="2023-11-20T15:50:35 IST" duration-ms="1" status="PASS">
          <params>
            <param index="0">
              <value>
                <![CDATA[[TestResult name=signUpPageTest1 status=SUCCESS method=BuyerPortal_DashboardPageTest.signUpPageTest1()[pri:1, instance:testing.dev.BuyerPortal_DashboardPageTest@2d7275fc] output={null}]]]>
              </value>
            </param>
          </params>
          <reporter-output>
          </reporter-output>
        </test-method> <!-- tearDown -->
        <test-method signature="dashboardPageTest1()[pri:2, instance:testing.dev.BuyerPortal_DashboardPageTest@2d7275fc]" started-at="2023-11-20T15:50:35 IST" name="dashboardPageTest1" finished-at="2023-11-20T15:52:17 IST" duration-ms="102024" status="PASS">
          <reporter-output>
          </reporter-output>
        </test-method> <!-- dashboardPageTest1 -->
        <test-method is-config="true" signature="testName(java.lang.reflect.Method)[pri:0, instance:testing.dev.BuyerPortal_DashboardPageTest@2d7275fc]" started-at="2023-11-20T15:50:35 IST" name="testName" finished-at="2023-11-20T15:50:35 IST" duration-ms="0" status="PASS">
          <params>
            <param index="0">
              <value>
                <![CDATA[public void testing.dev.BuyerPortal_DashboardPageTest.dashboardPageTest1() throws java.io.IOException,java.lang.InterruptedException,java.awt.AWTException]]>
              </value>
            </param>
          </params>
          <reporter-output>
          </reporter-output>
        </test-method> <!-- testName -->
        <test-method is-config="true" signature="tearDown(org.testng.ITestResult)[pri:0, instance:testing.dev.BuyerPortal_DashboardPageTest@2d7275fc]" started-at="2023-11-20T15:52:17 IST" name="tearDown" finished-at="2023-11-20T15:52:17 IST" duration-ms="2" status="PASS">
          <params>
            <param index="0">
              <value>
                <![CDATA[[TestResult name=dashboardPageTest1 status=SUCCESS method=BuyerPortal_DashboardPageTest.dashboardPageTest1()[pri:2, instance:testing.dev.BuyerPortal_DashboardPageTest@2d7275fc] output={null}]]]>
              </value>
            </param>
          </params>
          <reporter-output>
          </reporter-output>
        </test-method> <!-- tearDown -->
        <test-method is-config="true" signature="closeReport()[pri:0, instance:testing.dev.BuyerPortal_DashboardPageTest@2d7275fc]" started-at="2023-11-20T15:52:17 IST" name="closeReport" finished-at="2023-11-20T15:52:17 IST" duration-ms="370" status="PASS">
          <reporter-output>
          </reporter-output>
        </test-method> <!-- closeReport -->
      </class> <!-- testing.dev.BuyerPortal_DashboardPageTest -->
    </test> <!-- Default test -->
  </suite> <!-- Default suite -->
</testng-results>
